#
# There is insufficient memory for the Java Runtime Environment to continue.
# Native memory allocation (mmap) failed to map 32505856 bytes for Failed to commit area from 0x0000000089a00000 to 0x000000008b900000 of length 32505856.
# Possible reasons:
#   The system is out of physical RAM or swap space
#   The process is running with CompressedOops enabled, and the Java Heap may be blocking the growth of the native heap
# Possible solutions:
#   Reduce memory load on the system
#   Increase physical memory or swap space
#   Check if swap backing store is full
#   Decrease Java heap size (-Xmx/-Xms)
#   Decrease number of Java threads
#   Decrease Java thread stack sizes (-Xss)
#   Set larger code cache with -XX:ReservedCodeCacheSize=
#   JVM is running with Unscaled Compressed Oops mode in which the Java heap is
#     placed in the first 4GB address space. The Java Heap base address is the
#     maximum limit for the native heap growth. Please use -XX:HeapBaseMinAddress
#     to set the Java Heap base and to place the Java Heap above 4GB virtual address.
# This output file may be truncated or incomplete.
#
#  Out of Memory Error (./src/hotspot/os/windows/os_windows.cpp:3301), pid=368, tid=792
#
# JRE version: OpenJDK Runtime Environment (11.0.10) (build 11.0.10+0-b96-7249189)
# Java VM: OpenJDK 64-Bit Server VM (11.0.10+0-b96-7249189, mixed mode, tiered, compressed oops, g1 gc, windows-amd64)
# No core dump will be written. Minidumps are not enabled by default on client versions of Windows
#

---------------  S U M M A R Y ------------

Command Line: --add-opens=java.base/java.util=ALL-UNNAMED --add-opens=java.base/java.lang=ALL-UNNAMED --add-opens=java.base/java.lang.invoke=ALL-UNNAMED --add-opens=java.base/java.util=ALL-UNNAMED --add-opens=java.prefs/java.util.prefs=ALL-UNNAMED --add-opens=java.prefs/java.util.prefs=ALL-UNNAMED --add-opens=java.base/java.nio.charset=ALL-UNNAMED --add-opens=java.base/java.net=ALL-UNNAMED --add-opens=java.base/java.util.concurrent.atomic=ALL-UNNAMED -Xmx2048m -Dfile.encoding=UTF-8 -Duser.country=CO -Duser.language=es -Duser.variant org.gradle.launcher.daemon.bootstrap.GradleDaemon 7.0.2

Host: Intel(R) Core(TM) i3-3227U CPU @ 1.90GHz, 4 cores, 7G,  Windows 10 , 64 bit Build 19041 (10.0.19041.928)
Time: Tue Nov 30 18:13:06 2021 Hora est. Pacífico, Sudamérica elapsed time: 25.324616 seconds (0d 0h 0m 25s)

---------------  T H R E A D  ---------------

Current thread (0x0000021215ab5800):  VMThread "VM Thread" [stack: 0x0000006241900000,0x0000006241a00000] [id=792]

Stack: [0x0000006241900000,0x0000006241a00000]
[error occurred during error reporting (printing stack bounds), id 0xc0000005, EXCEPTION_ACCESS_VIOLATION (0xc0000005) at pc=0x0000021200000f2d]

Native frames: (J=compiled Java code, j=interpreted, Vv=VM code, C=native code)
V  [jvm.dll+0x5ecfaa]
V  [jvm.dll+0x722bd5]
V  [jvm.dll+0x72412d]
V  [jvm.dll+0x724745]
V  [jvm.dll+0x7246fb]
V  [jvm.dll+0x5ec348]
V  [jvm.dll+0x5ecad8]
C  [ntdll.dll+0xa207f]
C  [ntdll.dll+0x51454]
C  [ntdll.dll+0xa0bae]
C  0x0000021200000f2d

VM_Operation (0x0000006242cf2c50): G1CollectForAllocation, mode: safepoint, requested by thread 0x0000021217d4f000


---------------  P R O C E S S  ---------------

Threads class SMR info:
_java_thread_list=0x000002121befc490, length=42, elements={
0x000002127be4f000, 0x0000021215abd800, 0x0000021215ac7800, 0x0000021215ad3800,
0x0000021215ad5800, 0x0000021215ad7800, 0x0000021215adf000, 0x0000021215af4000,
0x0000021215b0c800, 0x00000212165d8800, 0x0000021217b4f800, 0x0000021219629800,
0x0000021218f99800, 0x00000212195fe800, 0x0000021217a9c800, 0x0000021218943000,
0x0000021217d4f000, 0x000002121895f000, 0x0000021217ac6800, 0x0000021215af3000,
0x0000021215af4800, 0x0000021215af5800, 0x0000021215af6800, 0x0000021215af7000,
0x0000021215af2000, 0x0000021215af8000, 0x0000021215af9000, 0x00000212195c7800,
0x00000212195c7000, 0x00000212195c6000, 0x00000212195ca000, 0x00000212195c4800,
0x00000212195ce000, 0x00000212195d1800, 0x00000212195cf000, 0x00000212195d0000,
0x00000212195c2800, 0x00000212195cd800, 0x00000212195cc800, 0x000002121c059800,
0x000002121c060000, 0x000002121c05a000
}

Java Threads: ( => current thread )
  0x000002127be4f000 JavaThread "main" [_thread_blocked, id=10968, stack(0x0000006241300000,0x0000006241400000)]
  0x0000021215abd800 JavaThread "Reference Handler" daemon [_thread_blocked, id=2328, stack(0x0000006241a00000,0x0000006241b00000)]
  0x0000021215ac7800 JavaThread "Finalizer" daemon [_thread_blocked, id=2204, stack(0x0000006241b00000,0x0000006241c00000)]
  0x0000021215ad3800 JavaThread "Signal Dispatcher" daemon [_thread_blocked, id=6956, stack(0x0000006241c00000,0x0000006241d00000)]
  0x0000021215ad5800 JavaThread "Attach Listener" daemon [_thread_blocked, id=5708, stack(0x0000006241d00000,0x0000006241e00000)]
  0x0000021215ad7800 JavaThread "Service Thread" daemon [_thread_blocked, id=9276, stack(0x0000006241e00000,0x0000006241f00000)]
  0x0000021215adf000 JavaThread "C2 CompilerThread0" daemon [_thread_blocked, id=4752, stack(0x0000006241f00000,0x0000006242000000)]
  0x0000021215af4000 JavaThread "C1 CompilerThread0" daemon [_thread_blocked, id=5476, stack(0x0000006242000000,0x0000006242100000)]
  0x0000021215b0c800 JavaThread "Sweeper thread" daemon [_thread_blocked, id=10208, stack(0x0000006242100000,0x0000006242200000)]
  0x00000212165d8800 JavaThread "Common-Cleaner" daemon [_thread_blocked, id=4440, stack(0x0000006242200000,0x0000006242300000)]
  0x0000021217b4f800 JavaThread "Daemon health stats" [_thread_blocked, id=1076, stack(0x0000006242700000,0x0000006242800000)]
  0x0000021219629800 JavaThread "Incoming local TCP Connector on port 57611" [_thread_in_native, id=5836, stack(0x0000006242400000,0x0000006242500000)]
  0x0000021218f99800 JavaThread "Daemon periodic checks" [_thread_blocked, id=2296, stack(0x0000006242800000,0x0000006242900000)]
  0x00000212195fe800 JavaThread "Daemon" [_thread_blocked, id=2220, stack(0x0000006242900000,0x0000006242a00000)]
  0x0000021217a9c800 JavaThread "Handler for socket connection from /127.0.0.1:57611 to /127.0.0.1:57612" [_thread_in_native, id=7800, stack(0x0000006242a00000,0x0000006242b00000)]
  0x0000021218943000 JavaThread "Cancel handler" [_thread_blocked, id=2988, stack(0x0000006242b00000,0x0000006242c00000)]
  0x0000021217d4f000 JavaThread "Daemon worker" [_thread_blocked, id=8964, stack(0x0000006242c00000,0x0000006242d00000)]
  0x000002121895f000 JavaThread "Asynchronous log dispatcher for DefaultDaemonConnection: socket connection from /127.0.0.1:57611 to /127.0.0.1:57612" [_thread_blocked, id=7240, stack(0x0000006242e00000,0x0000006242f00000)]
  0x0000021217ac6800 JavaThread "Stdin handler" [_thread_blocked, id=11136, stack(0x0000006242f00000,0x0000006243000000)]
  0x0000021215af3000 JavaThread "Daemon client event forwarder" [_thread_blocked, id=8888, stack(0x0000006243000000,0x0000006243100000)]
  0x0000021215af4800 JavaThread "Cache worker for file hash cache (C:\Users\Fabian\.gradle\caches\7.0.2\fileHashes)" [_thread_blocked, id=3872, stack(0x0000006243100000,0x0000006243200000)]
  0x0000021215af5800 JavaThread "File lock request listener" [_thread_in_native, id=9804, stack(0x0000006243200000,0x0000006243300000)]
  0x0000021215af6800 JavaThread "Cache worker for journal cache (C:\Users\Fabian\.gradle\caches\journal-1)" [_thread_blocked, id=8236, stack(0x0000006243300000,0x0000006243400000)]
  0x0000021215af7000 JavaThread "Cache worker for file hash cache (C:\Users\Fabian\Documents\Estudio\MisionTic2022\Ciclo4\DesarrolloMovil\AppCatalogoJuegos\.gradle\7.0.2\fileHashes)" [_thread_blocked, id=728, stack(0x0000006243400000,0x0000006243500000)]
  0x0000021215af2000 JavaThread "File watcher server" daemon [_thread_in_native, id=1216, stack(0x0000006243500000,0x0000006243600000)]
  0x0000021215af8000 JavaThread "File watcher consumer" daemon [_thread_blocked, id=11112, stack(0x0000006243600000,0x0000006243700000)]
  0x0000021215af9000 JavaThread "Cache worker for checksums cache (C:\Users\Fabian\Documents\Estudio\MisionTic2022\Ciclo4\DesarrolloMovil\AppCatalogoJuegos\.gradle\checksums)" [_thread_blocked, id=6284, stack(0x0000006243700000,0x0000006243800000)]
  0x00000212195c7800 JavaThread "Cache worker for cache directory md-supplier (C:\Users\Fabian\.gradle\caches\7.0.2\md-supplier)" [_thread_blocked, id=10396, stack(0x0000006243800000,0x0000006243900000)]
  0x00000212195c7000 JavaThread "Cache worker for cache directory md-rule (C:\Users\Fabian\.gradle\caches\7.0.2\md-rule)" [_thread_blocked, id=8128, stack(0x0000006243a00000,0x0000006243b00000)]
  0x00000212195c6000 JavaThread "Cache worker for execution history cache (C:\Users\Fabian\.gradle\caches\7.0.2\executionHistory)" [_thread_blocked, id=192, stack(0x0000006243b00000,0x0000006243c00000)]
  0x00000212195ca000 JavaThread "jar transforms" [_thread_blocked, id=1208, stack(0x0000006243c00000,0x0000006243d00000)]
  0x00000212195c4800 JavaThread "jar transforms Thread 2" [_thread_blocked, id=8168, stack(0x0000006243d00000,0x0000006243e00000)]
  0x00000212195ce000 JavaThread "Cache worker for file content cache (C:\Users\Fabian\.gradle\caches\7.0.2\fileContent)" [_thread_blocked, id=4996, stack(0x0000006243e00000,0x0000006243f00000)]
  0x00000212195d1800 JavaThread "Cache worker for dependencies-accessors (C:\Users\Fabian\Documents\Estudio\MisionTic2022\Ciclo4\DesarrolloMovil\AppCatalogoJuegos\.gradle\7.0.2\dependencies-accessors)" [_thread_blocked, id=1428, stack(0x0000006243f00000,0x0000006244000000)]
  0x00000212195cf000 JavaThread "jar transforms Thread 3" [_thread_blocked, id=1320, stack(0x0000006244000000,0x0000006244100000)]
  0x00000212195d0000 JavaThread "Cache worker for Build Output Cleanup Cache (C:\Users\Fabian\Documents\Estudio\MisionTic2022\Ciclo4\DesarrolloMovil\AppCatalogoJuegos\.gradle\buildOutputCleanup)" [_thread_blocked, id=4780, stack(0x0000006244100000,0x0000006244200000)]
  0x00000212195c2800 JavaThread "Build operations" [_thread_blocked, id=10728, stack(0x0000006243900000,0x0000006243a00000)]
  0x00000212195cd800 JavaThread "Build operations Thread 2" [_thread_blocked, id=2996, stack(0x0000006244200000,0x0000006244300000)]
  0x00000212195cc800 JavaThread "Build operations Thread 3" [_thread_blocked, id=7272, stack(0x0000006244300000,0x0000006244400000)]
  0x000002121c059800 JavaThread "Build operations Thread 4" [_thread_blocked, id=7948, stack(0x0000006244400000,0x0000006244500000)]
  0x000002121c060000 JavaThread "jar transforms Thread 4" [_thread_blocked, id=5416, stack(0x0000006244500000,0x0000006244600000)]
  0x000002121c05a000 JavaThread "C2 CompilerThread1" daemon [_thread_blocked, id=10172, stack(0x0000006244600000,0x0000006244700000)]

Other Threads:
=>0x0000021215ab5800 VMThread "VM Thread" [stack: 0x0000006241900000,0x0000006241a00000] [id=792]
  0x000002121664e800 WatcherThread [stack: 0x0000006242300000,0x0000006242400000] [id=1536]
  0x000002127be64000 GCTaskThread "GC Thread#0" [stack: 0x0000006241400000,0x0000006241500000] [id=3848]
  0x0000021216986800 GCTaskThread "GC Thread#1" [stack: 0x0000006242500000,0x0000006242600000] [id=4100]
  0x00000212170f5800 GCTaskThread "GC Thread#2" [stack: 0x0000006242600000,0x0000006242700000] [id=5592]
  0x0000021218c56800 GCTaskThread "GC Thread#3" [stack: 0x0000006242d00000,0x0000006242e00000] [id=10496]
  0x000002127be95800 ConcurrentGCThread "G1 Main Marker" [stack: 0x0000006241500000,0x0000006241600000] [id=10220]
  0x000002127be97000 ConcurrentGCThread "G1 Conc#0" [stack: 0x0000006241600000,0x0000006241700000] [id=10788]
  0x000002127bf25000 ConcurrentGCThread "G1 Refine#0" [stack: 0x0000006241700000,0x0000006241800000] [id=9576]
  0x000002127bf27800 ConcurrentGCThread "G1 Young RemSet Sampling" [stack: 0x0000006241800000,0x0000006241900000] [id=7708]

Threads with active compile tasks:
C2 CompilerThread0  25351 5267       4       java.net.URLClassLoader::getAndVerifyPackage (109 bytes)
C2 CompilerThread1  25351 5244       4       jdk.internal.org.objectweb.asm.Frame::execute (2264 bytes)

VM state:at safepoint (normal execution)

VM Mutex/Monitor currently owned by a thread:  ([mutex/lock_event])
[0x000002127be4b8c0] Threads_lock - owner thread: 0x0000021215ab5800
[0x000002127be4acf0] Heap_lock - owner thread: 0x0000021217d4f000

Heap address: 0x0000000080000000, size: 2048 MB, Compressed Oops mode: 32-bit
Narrow klass base: 0x0000000000000000, Narrow klass shift: 3
Compressed class space size: 1073741824 Address: 0x0000000100000000

Heap:
 garbage-first heap   total 189440K, used 41711K [0x0000000080000000, 0x0000000100000000)
  region size 1024K, 11 young (11264K), 11 survivors (11264K)
 Metaspace       used 52197K, capacity 53522K, committed 53760K, reserved 1095680K
  class space    used 6629K, capacity 7129K, committed 7168K, reserved 1048576K
Heap Regions: E=young(eden), S=young(survivor), O=old, HS=humongous(starts), HC=humongous(continues), CS=collection set, F=free, A=archive, TAMS=top-at-mark-start (previous, next)
|   0|0x0000000080000000, 0x0000000080100000, 0x0000000080100000|100%| O|  |TAMS 0x0000000080100000, 0x0000000080000000| Untracked 
|   1|0x0000000080100000, 0x0000000080200000, 0x0000000080200000|100%| O|  |TAMS 0x0000000080200000, 0x0000000080100000| Untracked 
|   2|0x0000000080200000, 0x0000000080300000, 0x0000000080300000|100%| O|  |TAMS 0x0000000080300000, 0x0000000080200000| Untracked 
|   3|0x0000000080300000, 0x0000000080400000, 0x0000000080400000|100%|HS|  |TAMS 0x0000000080400000, 0x0000000080300000| Complete 
|   4|0x0000000080400000, 0x0000000080500000, 0x0000000080500000|100%|HC|  |TAMS 0x0000000080500000, 0x0000000080400000| Complete 
|   5|0x0000000080500000, 0x0000000080600000, 0x0000000080600000|100%|HC|  |TAMS 0x0000000080600000, 0x0000000080500000| Complete 
|   6|0x0000000080600000, 0x0000000080700000, 0x0000000080700000|100%| O|  |TAMS 0x0000000080700000, 0x0000000080600000| Untracked 
|   7|0x0000000080700000, 0x0000000080800000, 0x0000000080800000|100%| O|  |TAMS 0x0000000080800000, 0x0000000080700000| Untracked 
|   8|0x0000000080800000, 0x0000000080900000, 0x0000000080900000|100%| O|  |TAMS 0x0000000080900000, 0x0000000080800000| Untracked 
|   9|0x0000000080900000, 0x0000000080a00000, 0x0000000080a00000|100%| O|  |TAMS 0x0000000080a00000, 0x0000000080900000| Untracked 
|  10|0x0000000080a00000, 0x0000000080b00000, 0x0000000080b00000|100%| O|  |TAMS 0x0000000080b00000, 0x0000000080a00000| Untracked 
|  11|0x0000000080b00000, 0x0000000080c00000, 0x0000000080c00000|100%| O|  |TAMS 0x0000000080c00000, 0x0000000080b00000| Untracked 
|  12|0x0000000080c00000, 0x0000000080d00000, 0x0000000080d00000|100%| O|  |TAMS 0x0000000080d00000, 0x0000000080c00000| Untracked 
|  13|0x0000000080d00000, 0x0000000080e00000, 0x0000000080e00000|100%| O|  |TAMS 0x0000000080e00000, 0x0000000080d00000| Untracked 
|  14|0x0000000080e00000, 0x0000000080f00000, 0x0000000080f00000|100%| O|  |TAMS 0x0000000080f00000, 0x0000000080e00000| Untracked 
|  15|0x0000000080f00000, 0x0000000081000000, 0x0000000081000000|100%| O|  |TAMS 0x0000000080fc9200, 0x0000000080f00000| Untracked 
|  16|0x0000000081000000, 0x0000000081100000, 0x0000000081100000|100%|HS|  |TAMS 0x0000000081000000, 0x0000000081000000| Complete 
|  17|0x0000000081100000, 0x0000000081200000, 0x0000000081200000|100%| O|  |TAMS 0x0000000081100000, 0x0000000081100000| Untracked 
|  18|0x0000000081200000, 0x0000000081300000, 0x0000000081300000|100%| O|  |TAMS 0x0000000081200000, 0x0000000081200000| Untracked 
|  19|0x0000000081300000, 0x0000000081400000, 0x0000000081400000|100%| O|  |TAMS 0x0000000081300000, 0x0000000081300000| Untracked 
|  20|0x0000000081400000, 0x0000000081500000, 0x0000000081500000|100%| O|  |TAMS 0x0000000081400000, 0x0000000081400000| Untracked 
|  21|0x0000000081500000, 0x0000000081600000, 0x0000000081600000|100%| O|  |TAMS 0x0000000081500000, 0x0000000081500000| Untracked 
|  22|0x0000000081600000, 0x0000000081700000, 0x0000000081700000|100%| O|  |TAMS 0x0000000081600000, 0x0000000081600000| Untracked 
|  23|0x0000000081700000, 0x0000000081800000, 0x0000000081800000|100%|HS|  |TAMS 0x0000000081700000, 0x0000000081700000| Complete 
|  24|0x0000000081800000, 0x0000000081900000, 0x0000000081900000|100%|HS|  |TAMS 0x0000000081800000, 0x0000000081800000| Complete 
|  25|0x0000000081900000, 0x0000000081a00000, 0x0000000081a00000|100%|HC|  |TAMS 0x0000000081900000, 0x0000000081900000| Complete 
|  26|0x0000000081a00000, 0x0000000081b00000, 0x0000000081b00000|100%| O|  |TAMS 0x0000000081a00000, 0x0000000081a00000| Untracked 
|  27|0x0000000081b00000, 0x0000000081c00000, 0x0000000081c00000|100%| O|  |TAMS 0x0000000081b00000, 0x0000000081b00000| Untracked 
|  28|0x0000000081c00000, 0x0000000081d00000, 0x0000000081d00000|100%| O|  |TAMS 0x0000000081c00000, 0x0000000081c00000| Untracked 
|  29|0x0000000081d00000, 0x0000000081dbbe00, 0x0000000081e00000| 73%| O|  |TAMS 0x0000000081d00000, 0x0000000081d00000| Untracked 
|  30|0x0000000081e00000, 0x0000000081e00000, 0x0000000081f00000|  0%| F|  |TAMS 0x0000000081e00000, 0x0000000081e00000| Untracked 
|  31|0x0000000081f00000, 0x0000000081f00000, 0x0000000082000000|  0%| F|  |TAMS 0x0000000081f00000, 0x0000000081f00000| Untracked 
|  32|0x0000000082000000, 0x0000000082000000, 0x0000000082100000|  0%| F|  |TAMS 0x0000000082000000, 0x0000000082000000| Untracked 
|  33|0x0000000082100000, 0x0000000082100000, 0x0000000082200000|  0%| F|  |TAMS 0x0000000082100000, 0x0000000082100000| Untracked 
|  34|0x0000000082200000, 0x0000000082200000, 0x0000000082300000|  0%| F|  |TAMS 0x0000000082200000, 0x0000000082200000| Untracked 
|  35|0x0000000082300000, 0x0000000082300000, 0x0000000082400000|  0%| F|  |TAMS 0x0000000082300000, 0x0000000082300000| Untracked 
|  36|0x0000000082400000, 0x0000000082400000, 0x0000000082500000|  0%| F|  |TAMS 0x0000000082400000, 0x0000000082400000| Untracked 
|  37|0x0000000082500000, 0x0000000082500000, 0x0000000082600000|  0%| F|  |TAMS 0x0000000082500000, 0x0000000082500000| Untracked 
|  38|0x0000000082600000, 0x0000000082600000, 0x0000000082700000|  0%| F|  |TAMS 0x0000000082600000, 0x0000000082600000| Untracked 
|  39|0x0000000082700000, 0x0000000082700000, 0x0000000082800000|  0%| F|  |TAMS 0x0000000082700000, 0x0000000082700000| Untracked 
|  40|0x0000000082800000, 0x0000000082800000, 0x0000000082900000|  0%| F|  |TAMS 0x0000000082800000, 0x0000000082800000| Untracked 
|  41|0x0000000082900000, 0x0000000082900000, 0x0000000082a00000|  0%| F|  |TAMS 0x0000000082900000, 0x0000000082900000| Untracked 
|  42|0x0000000082a00000, 0x0000000082a00000, 0x0000000082b00000|  0%| F|  |TAMS 0x0000000082a00000, 0x0000000082a00000| Untracked 
|  43|0x0000000082b00000, 0x0000000082b00000, 0x0000000082c00000|  0%| F|  |TAMS 0x0000000082b00000, 0x0000000082b00000| Untracked 
|  44|0x0000000082c00000, 0x0000000082c00000, 0x0000000082d00000|  0%| F|  |TAMS 0x0000000082c00000, 0x0000000082c00000| Untracked 
|  45|0x0000000082d00000, 0x0000000082d00000, 0x0000000082e00000|  0%| F|  |TAMS 0x0000000082d00000, 0x0000000082d00000| Untracked 
|  46|0x0000000082e00000, 0x0000000082e00000, 0x0000000082f00000|  0%| F|  |TAMS 0x0000000082e00000, 0x0000000082e00000| Untracked 
|  47|0x0000000082f00000, 0x0000000082f00000, 0x0000000083000000|  0%| F|  |TAMS 0x0000000082f00000, 0x0000000082f00000| Untracked 
|  48|0x0000000083000000, 0x0000000083000000, 0x0000000083100000|  0%| F|  |TAMS 0x0000000083000000, 0x0000000083000000| Untracked 
|  49|0x0000000083100000, 0x0000000083100000, 0x0000000083200000|  0%| F|  |TAMS 0x0000000083100000, 0x0000000083100000| Untracked 
|  50|0x0000000083200000, 0x0000000083200000, 0x0000000083300000|  0%| F|  |TAMS 0x0000000083200000, 0x0000000083200000| Untracked 
|  51|0x0000000083300000, 0x0000000083300000, 0x0000000083400000|  0%| F|  |TAMS 0x0000000083300000, 0x0000000083300000| Untracked 
|  52|0x0000000083400000, 0x0000000083400000, 0x0000000083500000|  0%| F|  |TAMS 0x0000000083400000, 0x0000000083400000| Untracked 
|  53|0x0000000083500000, 0x0000000083500000, 0x0000000083600000|  0%| F|  |TAMS 0x0000000083500000, 0x0000000083500000| Untracked 
|  54|0x0000000083600000, 0x0000000083600000, 0x0000000083700000|  0%| F|  |TAMS 0x0000000083600000, 0x0000000083600000| Untracked 
|  55|0x0000000083700000, 0x0000000083700000, 0x0000000083800000|  0%| F|  |TAMS 0x0000000083700000, 0x0000000083700000| Untracked 
|  56|0x0000000083800000, 0x0000000083800000, 0x0000000083900000|  0%| F|  |TAMS 0x0000000083800000, 0x0000000083800000| Untracked 
|  57|0x0000000083900000, 0x0000000083900000, 0x0000000083a00000|  0%| F|  |TAMS 0x0000000083900000, 0x0000000083900000| Untracked 
|  58|0x0000000083a00000, 0x0000000083a00000, 0x0000000083b00000|  0%| F|  |TAMS 0x0000000083a00000, 0x0000000083a00000| Untracked 
|  59|0x0000000083b00000, 0x0000000083c00000, 0x0000000083c00000|100%| S|CS|TAMS 0x0000000083b00000, 0x0000000083b00000| Complete 
|  60|0x0000000083c00000, 0x0000000083d00000, 0x0000000083d00000|100%| S|CS|TAMS 0x0000000083c00000, 0x0000000083c00000| Complete 
|  61|0x0000000083d00000, 0x0000000083e00000, 0x0000000083e00000|100%| S|CS|TAMS 0x0000000083d00000, 0x0000000083d00000| Complete 
|  62|0x0000000083e00000, 0x0000000083f00000, 0x0000000083f00000|100%| S|CS|TAMS 0x0000000083e00000, 0x0000000083e00000| Complete 
|  63|0x0000000083f00000, 0x0000000084000000, 0x0000000084000000|100%| S|CS|TAMS 0x0000000083f00000, 0x0000000083f00000| Complete 
|  64|0x0000000084000000, 0x0000000084100000, 0x0000000084100000|100%| S|CS|TAMS 0x0000000084000000, 0x0000000084000000| Complete 
|  65|0x0000000084100000, 0x0000000084200000, 0x0000000084200000|100%| S|CS|TAMS 0x0000000084100000, 0x0000000084100000| Complete 
|  66|0x0000000084200000, 0x0000000084300000, 0x0000000084300000|100%| S|CS|TAMS 0x0000000084200000, 0x0000000084200000| Complete 
|  67|0x0000000084300000, 0x0000000084400000, 0x0000000084400000|100%| S|CS|TAMS 0x0000000084300000, 0x0000000084300000| Complete 
|  68|0x0000000084400000, 0x0000000084500000, 0x0000000084500000|100%| S|CS|TAMS 0x0000000084400000, 0x0000000084400000| Complete 
|  69|0x0000000084500000, 0x0000000084600000, 0x0000000084600000|100%| S|CS|TAMS 0x0000000084500000, 0x0000000084500000| Complete 
|  70|0x0000000084600000, 0x0000000084600000, 0x0000000084700000|  0%| F|  |TAMS 0x0000000084600000, 0x0000000084600000| Untracked 
|  71|0x0000000084700000, 0x0000000084700000, 0x0000000084800000|  0%| F|  |TAMS 0x0000000084700000, 0x0000000084700000| Untracked 
|  72|0x0000000084800000, 0x0000000084800000, 0x0000000084900000|  0%| F|  |TAMS 0x0000000084800000, 0x0000000084800000| Untracked 
|  73|0x0000000084900000, 0x0000000084900000, 0x0000000084a00000|  0%| F|  |TAMS 0x0000000084900000, 0x0000000084900000| Untracked 
|  74|0x0000000084a00000, 0x0000000084a00000, 0x0000000084b00000|  0%| F|  |TAMS 0x0000000084a00000, 0x0000000084a00000| Untracked 
|  75|0x0000000084b00000, 0x0000000084b00000, 0x0000000084c00000|  0%| F|  |TAMS 0x0000000084b00000, 0x0000000084b00000| Untracked 
|  76|0x0000000084c00000, 0x0000000084c00000, 0x0000000084d00000|  0%| F|  |TAMS 0x0000000084c00000, 0x0000000084c00000| Untracked 
|  77|0x0000000084d00000, 0x0000000084d00000, 0x0000000084e00000|  0%| F|  |TAMS 0x0000000084d00000, 0x0000000084d00000| Untracked 
|  78|0x0000000084e00000, 0x0000000084e00000, 0x0000000084f00000|  0%| F|  |TAMS 0x0000000084e00000, 0x0000000084e00000| Untracked 
|  79|0x0000000084f00000, 0x0000000084f00000, 0x0000000085000000|  0%| F|  |TAMS 0x0000000084f00000, 0x0000000084f00000| Untracked 
|  80|0x0000000085000000, 0x0000000085000000, 0x0000000085100000|  0%| F|  |TAMS 0x0000000085000000, 0x0000000085000000| Untracked 
|  81|0x0000000085100000, 0x0000000085100000, 0x0000000085200000|  0%| F|  |TAMS 0x0000000085100000, 0x0000000085100000| Untracked 
|  82|0x0000000085200000, 0x0000000085200000, 0x0000000085300000|  0%| F|  |TAMS 0x0000000085200000, 0x0000000085200000| Untracked 
|  83|0x0000000085300000, 0x0000000085300000, 0x0000000085400000|  0%| F|  |TAMS 0x0000000085300000, 0x0000000085300000| Untracked 
|  84|0x0000000085400000, 0x0000000085400000, 0x0000000085500000|  0%| F|  |TAMS 0x0000000085400000, 0x0000000085400000| Untracked 
|  85|0x0000000085500000, 0x0000000085500000, 0x0000000085600000|  0%| F|  |TAMS 0x0000000085500000, 0x0000000085500000| Untracked 
|  86|0x0000000085600000, 0x0000000085600000, 0x0000000085700000|  0%| F|  |TAMS 0x0000000085600000, 0x0000000085600000| Untracked 
|  87|0x0000000085700000, 0x0000000085700000, 0x0000000085800000|  0%| F|  |TAMS 0x0000000085700000, 0x0000000085700000| Untracked 
|  88|0x0000000085800000, 0x0000000085800000, 0x0000000085900000|  0%| F|  |TAMS 0x0000000085800000, 0x0000000085800000| Untracked 
|  89|0x0000000085900000, 0x0000000085900000, 0x0000000085a00000|  0%| F|  |TAMS 0x0000000085900000, 0x0000000085900000| Untracked 
|  90|0x0000000085a00000, 0x0000000085a00000, 0x0000000085b00000|  0%| F|  |TAMS 0x0000000085a00000, 0x0000000085a00000| Untracked 
|  91|0x0000000085b00000, 0x0000000085b00000, 0x0000000085c00000|  0%| F|  |TAMS 0x0000000085b00000, 0x0000000085b00000| Untracked 
|  92|0x0000000085c00000, 0x0000000085c00000, 0x0000000085d00000|  0%| F|  |TAMS 0x0000000085c00000, 0x0000000085c00000| Untracked 
|  93|0x0000000085d00000, 0x0000000085d00000, 0x0000000085e00000|  0%| F|  |TAMS 0x0000000085d00000, 0x0000000085d00000| Untracked 
|  94|0x0000000085e00000, 0x0000000085e00000, 0x0000000085f00000|  0%| F|  |TAMS 0x0000000085e00000, 0x0000000085e00000| Untracked 
|  95|0x0000000085f00000, 0x0000000085f00000, 0x0000000086000000|  0%| F|  |TAMS 0x0000000085f00000, 0x0000000085f00000| Untracked 
|  96|0x0000000086000000, 0x0000000086000000, 0x0000000086100000|  0%| F|  |TAMS 0x0000000086000000, 0x0000000086000000| Untracked 
|  97|0x0000000086100000, 0x0000000086100000, 0x0000000086200000|  0%| F|  |TAMS 0x0000000086100000, 0x0000000086100000| Untracked 
|  98|0x0000000086200000, 0x0000000086200000, 0x0000000086300000|  0%| F|  |TAMS 0x0000000086200000, 0x0000000086200000| Untracked 
|  99|0x0000000086300000, 0x0000000086300000, 0x0000000086400000|  0%| F|  |TAMS 0x0000000086300000, 0x0000000086300000| Untracked 
| 100|0x0000000086400000, 0x0000000086400000, 0x0000000086500000|  0%| F|  |TAMS 0x0000000086400000, 0x0000000086400000| Untracked 
| 101|0x0000000086500000, 0x0000000086500000, 0x0000000086600000|  0%| F|  |TAMS 0x0000000086500000, 0x0000000086500000| Untracked 
| 102|0x0000000086600000, 0x0000000086600000, 0x0000000086700000|  0%| F|  |TAMS 0x0000000086600000, 0x0000000086600000| Untracked 
| 103|0x0000000086700000, 0x0000000086700000, 0x0000000086800000|  0%| F|  |TAMS 0x0000000086700000, 0x0000000086700000| Untracked 
| 104|0x0000000086800000, 0x0000000086800000, 0x0000000086900000|  0%| F|  |TAMS 0x0000000086800000, 0x0000000086800000| Untracked 
| 105|0x0000000086900000, 0x0000000086900000, 0x0000000086a00000|  0%| F|  |TAMS 0x0000000086900000, 0x0000000086900000| Untracked 
| 106|0x0000000086a00000, 0x0000000086a00000, 0x0000000086b00000|  0%| F|  |TAMS 0x0000000086a00000, 0x0000000086a00000| Untracked 
| 107|0x0000000086b00000, 0x0000000086b00000, 0x0000000086c00000|  0%| F|  |TAMS 0x0000000086b00000, 0x0000000086b00000| Untracked 
| 108|0x0000000086c00000, 0x0000000086c00000, 0x0000000086d00000|  0%| F|  |TAMS 0x0000000086c00000, 0x0000000086c00000| Untracked 
| 109|0x0000000086d00000, 0x0000000086d00000, 0x0000000086e00000|  0%| F|  |TAMS 0x0000000086d00000, 0x0000000086d00000| Untracked 
| 110|0x0000000086e00000, 0x0000000086e00000, 0x0000000086f00000|  0%| F|  |TAMS 0x0000000086e00000, 0x0000000086e00000| Untracked 
| 111|0x0000000086f00000, 0x0000000086f00000, 0x0000000087000000|  0%| F|  |TAMS 0x0000000086f00000, 0x0000000086f00000| Untracked 
| 112|0x0000000087000000, 0x0000000087000000, 0x0000000087100000|  0%| F|  |TAMS 0x0000000087000000, 0x0000000087000000| Untracked 
| 113|0x0000000087100000, 0x0000000087100000, 0x0000000087200000|  0%| F|  |TAMS 0x0000000087100000, 0x0000000087100000| Untracked 
| 114|0x0000000087200000, 0x0000000087200000, 0x0000000087300000|  0%| F|  |TAMS 0x0000000087200000, 0x0000000087200000| Untracked 
| 115|0x0000000087300000, 0x0000000087300000, 0x0000000087400000|  0%| F|  |TAMS 0x0000000087300000, 0x0000000087300000| Untracked 
| 116|0x0000000087400000, 0x0000000087400000, 0x0000000087500000|  0%| F|  |TAMS 0x0000000087400000, 0x0000000087400000| Untracked 
| 117|0x0000000087500000, 0x0000000087500000, 0x0000000087600000|  0%| F|  |TAMS 0x0000000087500000, 0x0000000087500000| Untracked 
| 118|0x0000000087600000, 0x0000000087600000, 0x0000000087700000|  0%| F|  |TAMS 0x0000000087600000, 0x0000000087600000| Untracked 
| 119|0x0000000087700000, 0x0000000087700000, 0x0000000087800000|  0%| F|  |TAMS 0x0000000087700000, 0x0000000087700000| Untracked 
| 120|0x0000000087800000, 0x0000000087800000, 0x0000000087900000|  0%| F|  |TAMS 0x0000000087800000, 0x0000000087800000| Untracked 
| 121|0x0000000087900000, 0x0000000087900000, 0x0000000087a00000|  0%| F|  |TAMS 0x0000000087900000, 0x0000000087900000| Untracked 
| 122|0x0000000087a00000, 0x0000000087a00000, 0x0000000087b00000|  0%| F|  |TAMS 0x0000000087a00000, 0x0000000087a00000| Untracked 
| 123|0x0000000087b00000, 0x0000000087b00000, 0x0000000087c00000|  0%| F|  |TAMS 0x0000000087b00000, 0x0000000087b00000| Untracked 
| 124|0x0000000087c00000, 0x0000000087c00000, 0x0000000087d00000|  0%| F|  |TAMS 0x0000000087c00000, 0x0000000087c00000| Untracked 
| 125|0x0000000087d00000, 0x0000000087d00000, 0x0000000087e00000|  0%| F|  |TAMS 0x0000000087d00000, 0x0000000087d00000| Untracked 
| 126|0x0000000087e00000, 0x0000000087e00000, 0x0000000087f00000|  0%| F|  |TAMS 0x0000000087e00000, 0x0000000087e00000| Untracked 
| 127|0x0000000087f00000, 0x0000000087f00000, 0x0000000088000000|  0%| F|  |TAMS 0x0000000087f00000, 0x0000000087f00000| Untracked 
| 128|0x0000000088000000, 0x0000000088000000, 0x0000000088100000|  0%| F|  |TAMS 0x0000000088000000, 0x0000000088000000| Untracked 
| 129|0x0000000088100000, 0x0000000088100000, 0x0000000088200000|  0%| F|  |TAMS 0x0000000088100000, 0x0000000088100000| Untracked 
| 130|0x0000000088200000, 0x0000000088200000, 0x0000000088300000|  0%| F|  |TAMS 0x0000000088200000, 0x0000000088200000| Untracked 
| 131|0x0000000088300000, 0x0000000088300000, 0x0000000088400000|  0%| F|  |TAMS 0x0000000088300000, 0x0000000088300000| Untracked 
| 132|0x0000000088400000, 0x0000000088400000, 0x0000000088500000|  0%| F|  |TAMS 0x0000000088400000, 0x0000000088400000| Untracked 
| 133|0x0000000088500000, 0x0000000088500000, 0x0000000088600000|  0%| F|  |TAMS 0x0000000088500000, 0x0000000088500000| Untracked 
| 134|0x0000000088600000, 0x0000000088600000, 0x0000000088700000|  0%| F|  |TAMS 0x0000000088600000, 0x0000000088600000| Untracked 
| 135|0x0000000088700000, 0x0000000088700000, 0x0000000088800000|  0%| F|  |TAMS 0x0000000088700000, 0x0000000088700000| Untracked 
| 136|0x0000000088800000, 0x0000000088800000, 0x0000000088900000|  0%| F|  |TAMS 0x0000000088800000, 0x0000000088800000| Untracked 
| 137|0x0000000088900000, 0x0000000088900000, 0x0000000088a00000|  0%| F|  |TAMS 0x0000000088900000, 0x0000000088900000| Untracked 
| 138|0x0000000088a00000, 0x0000000088a00000, 0x0000000088b00000|  0%| F|  |TAMS 0x0000000088a00000, 0x0000000088a00000| Untracked 
| 139|0x0000000088b00000, 0x0000000088b00000, 0x0000000088c00000|  0%| F|  |TAMS 0x0000000088b00000, 0x0000000088b00000| Untracked 
| 140|0x0000000088c00000, 0x0000000088c00000, 0x0000000088d00000|  0%| F|  |TAMS 0x0000000088c00000, 0x0000000088c00000| Untracked 
| 141|0x0000000088d00000, 0x0000000088d00000, 0x0000000088e00000|  0%| F|  |TAMS 0x0000000088d00000, 0x0000000088d00000| Untracked 
| 142|0x0000000088e00000, 0x0000000088e00000, 0x0000000088f00000|  0%| F|  |TAMS 0x0000000088e00000, 0x0000000088e00000| Untracked 
| 143|0x0000000088f00000, 0x0000000088f00000, 0x0000000089000000|  0%| F|  |TAMS 0x0000000088f00000, 0x0000000088f00000| Untracked 
| 144|0x0000000089000000, 0x0000000089000000, 0x0000000089100000|  0%| F|  |TAMS 0x0000000089000000, 0x0000000089000000| Untracked 
| 145|0x0000000089100000, 0x0000000089100000, 0x0000000089200000|  0%| F|  |TAMS 0x0000000089100000, 0x0000000089100000| Untracked 
| 146|0x0000000089200000, 0x0000000089200000, 0x0000000089300000|  0%| F|  |TAMS 0x0000000089200000, 0x0000000089200000| Untracked 
| 147|0x0000000089300000, 0x0000000089300000, 0x0000000089400000|  0%| F|  |TAMS 0x0000000089300000, 0x0000000089300000| Untracked 
| 148|0x0000000089400000, 0x0000000089400000, 0x0000000089500000|  0%| F|  |TAMS 0x0000000089400000, 0x0000000089400000| Untracked 
| 149|0x0000000089500000, 0x0000000089500000, 0x0000000089600000|  0%| F|  |TAMS 0x0000000089500000, 0x0000000089500000| Untracked 
| 150|0x0000000089600000, 0x0000000089600000, 0x0000000089700000|  0%| F|  |TAMS 0x0000000089600000, 0x0000000089600000| Untracked 
| 151|0x0000000089700000, 0x0000000089700000, 0x0000000089800000|  0%| F|  |TAMS 0x0000000089700000, 0x0000000089700000| Untracked 
| 152|0x0000000089800000, 0x0000000089800000, 0x0000000089900000|  0%| F|  |TAMS 0x0000000089800000, 0x0000000089800000| Untracked 
| 153|0x0000000089900000, 0x0000000089900000, 0x0000000089a00000|  0%| F|  |TAMS 0x0000000089900000, 0x0000000089900000| Untracked 

Card table byte_map: [0x000002120f000000,0x000002120f400000] _byte_map_base: 0x000002120ec00000

Marking Bits (Prev, Next): (CMBitMap*) 0x000002127be8c9a8, (CMBitMap*) 0x000002127be8c9e0
 Prev Bits: [0x000002120f800000, 0x0000021211800000)
 Next Bits: [0x0000021211800000, 0x0000021213800000)

Polling page: 0x0000021279c90000

Metaspace:

Usage:
  Non-class:     45.31 MB capacity,    44.50 MB ( 98%) used,   689.84 KB (  1%) free+waste,   135.44 KB ( <1%) overhead. 
      Class:      6.96 MB capacity,     6.47 MB ( 93%) used,   434.97 KB (  6%) free+waste,    64.44 KB ( <1%) overhead. 
       Both:     52.27 MB capacity,    50.97 MB ( 98%) used,     1.10 MB (  2%) free+waste,   199.88 KB ( <1%) overhead. 

Virtual space:
  Non-class space:       46.00 MB reserved,      45.50 MB ( 99%) committed 
      Class space:        1.00 GB reserved,       7.00 MB ( <1%) committed 
             Both:        1.04 GB reserved,      52.50 MB (  5%) committed 

Chunk freelists:
   Non-Class:  7.00 KB
       Class:  7.00 KB
        Both:  14.00 KB

MaxMetaspaceSize: 17179869184.00 GB
CompressedClassSpaceSize: 1.00 GB

CodeHeap 'non-profiled nmethods': size=120064Kb used=3021Kb max_used=3021Kb free=117042Kb
 bounds [0x0000021207ac0000, 0x0000021207dc0000, 0x000002120f000000]
CodeHeap 'profiled nmethods': size=120000Kb used=11020Kb max_used=11020Kb free=108980Kb
 bounds [0x0000021200590000, 0x0000021201060000, 0x0000021207ac0000]
CodeHeap 'non-nmethods': size=5696Kb used=2229Kb max_used=2267Kb free=3467Kb
 bounds [0x0000021200000000, 0x0000021200270000, 0x0000021200590000]
 total_blobs=6058 nmethods=5252 adapters=715
 compilation: enabled
              stopped_count=0, restarted_count=0
 full_count=0

Compilation events (20 events):
Event: 24.925 Thread 0x0000021215af4000 nmethod 5251 0x000002120104d390 code [0x000002120104d540, 0x000002120104d638]
Event: 24.925 Thread 0x0000021215adf000 5252       4       sun.invoke.util.BytecodeDescriptor::unparseSig (91 bytes)
Event: 24.925 Thread 0x0000021215af4000 5253       3       java.lang.invoke.ClassSpecializer$Factory$1Var::<init> (146 bytes)
Event: 24.929 Thread 0x0000021215af4000 nmethod 5253 0x000002120104d690 code [0x000002120104daa0, 0x000002120104f398]
Event: 24.937 Thread 0x0000021215af4000 5256       3       java.util.Arrays$ArrayList::size (6 bytes)
Event: 24.938 Thread 0x0000021215af4000 nmethod 5256 0x000002120104fd90 code [0x000002120104ff40, 0x0000021201050058]
Event: 24.940 Thread 0x0000021215af4000 5258       3       java.lang.invoke.DirectMethodHandle::preparedFieldLambdaForm (183 bytes)
Event: 24.942 Thread 0x0000021215af4000 nmethod 5258 0x0000021201050110 code [0x0000021201050380, 0x0000021201050ad8]
Event: 24.942 Thread 0x0000021215af4000 5259       3       java.util.ImmutableCollections$AbstractImmutableList::<init> (5 bytes)
Event: 24.943 Thread 0x0000021215af4000 nmethod 5259 0x0000021201050e10 code [0x0000021201050fe0, 0x00000212010511f8]
Event: 24.945 Thread 0x0000021215af4000 5261       3       java.lang.invoke.ClassSpecializer$Factory$1Var::emitVarInstruction (73 bytes)
Event: 24.947 Thread 0x0000021215af4000 nmethod 5261 0x0000021201051310 code [0x00000212010515c0, 0x00000212010520f8]
Event: 24.958 Thread 0x0000021215af4000 5264       3       java.util.jar.Attributes::<init> (17 bytes)
Event: 24.958 Thread 0x0000021215af4000 nmethod 5264 0x0000021201052590 code [0x0000021201052780, 0x0000021201052ac8]
Event: 24.965 Thread 0x0000021215af4000 5265       3       java.util.Hashtable::<init> (9 bytes)
Event: 24.966 Thread 0x0000021215af4000 nmethod 5265 0x0000021201052c10 code [0x0000021201052de0, 0x0000021201052f28]
Event: 25.145 Thread 0x0000021215adf000 nmethod 5252 0x0000021207dad290 code [0x0000021207dad560, 0x0000021207daf678]
Event: 25.145 Thread 0x0000021215adf000 5266   !   4       java.util.concurrent.ConcurrentHashMap::putVal (432 bytes)
Event: 25.257 Thread 0x0000021215adf000 nmethod 5266 0x0000021207db0810 code [0x0000021207db0a60, 0x0000021207db2768]
Event: 25.257 Thread 0x0000021215adf000 5267       4       java.net.URLClassLoader::getAndVerifyPackage (109 bytes)

GC Heap History (20 events):
Event: 2.196 GC heap after
{Heap after GC invocations=2 (full 0):
 garbage-first heap   total 131072K, used 8584K [0x0000000080000000, 0x0000000100000000)
  region size 1024K, 1 young (1024K), 1 survivors (1024K)
 Metaspace       used 7764K, capacity 7951K, committed 8192K, reserved 1056768K
  class space    used 725K, capacity 759K, committed 768K, reserved 1048576K
}
Event: 3.645 GC heap before
{Heap before GC invocations=2 (full 0):
 garbage-first heap   total 131072K, used 28040K [0x0000000080000000, 0x0000000100000000)
  region size 1024K, 20 young (20480K), 1 survivors (1024K)
 Metaspace       used 11120K, capacity 11448K, committed 11520K, reserved 1058816K
  class space    used 1165K, capacity 1245K, committed 1280K, reserved 1048576K
}
Event: 3.651 GC heap after
{Heap after GC invocations=3 (full 0):
 garbage-first heap   total 131072K, used 9492K [0x0000000080000000, 0x0000000100000000)
  region size 1024K, 2 young (2048K), 2 survivors (2048K)
 Metaspace       used 11120K, capacity 11448K, committed 11520K, reserved 1058816K
  class space    used 1165K, capacity 1245K, committed 1280K, reserved 1048576K
}
Event: 4.701 GC heap before
{Heap before GC invocations=3 (full 0):
 garbage-first heap   total 131072K, used 38164K [0x0000000080000000, 0x0000000100000000)
  region size 1024K, 30 young (30720K), 2 survivors (2048K)
 Metaspace       used 11326K, capacity 11696K, committed 11904K, reserved 1060864K
  class space    used 1186K, capacity 1285K, committed 1408K, reserved 1048576K
}
Event: 4.711 GC heap after
{Heap after GC invocations=4 (full 0):
 garbage-first heap   total 131072K, used 13825K [0x0000000080000000, 0x0000000100000000)
  region size 1024K, 4 young (4096K), 4 survivors (4096K)
 Metaspace       used 11326K, capacity 11696K, committed 11904K, reserved 1060864K
  class space    used 1186K, capacity 1285K, committed 1408K, reserved 1048576K
}
Event: 7.938 GC heap before
{Heap before GC invocations=4 (full 0):
 garbage-first heap   total 131072K, used 56833K [0x0000000080000000, 0x0000000100000000)
  region size 1024K, 46 young (47104K), 4 survivors (4096K)
 Metaspace       used 19160K, capacity 19622K, committed 19712K, reserved 1067008K
  class space    used 2318K, capacity 2470K, committed 2560K, reserved 1048576K
}
Event: 7.953 GC heap after
{Heap after GC invocations=5 (full 0):
 garbage-first heap   total 131072K, used 16191K [0x0000000080000000, 0x0000000100000000)
  region size 1024K, 5 young (5120K), 5 survivors (5120K)
 Metaspace       used 19160K, capacity 19622K, committed 19712K, reserved 1067008K
  class space    used 2318K, capacity 2470K, committed 2560K, reserved 1048576K
}
Event: 8.320 GC heap before
{Heap before GC invocations=5 (full 0):
 garbage-first heap   total 131072K, used 26431K [0x0000000080000000, 0x0000000100000000)
  region size 1024K, 16 young (16384K), 5 survivors (5120K)
 Metaspace       used 20539K, capacity 21096K, committed 21248K, reserved 1067008K
  class space    used 2501K, capacity 2690K, committed 2816K, reserved 1048576K
}
Event: 8.339 GC heap after
{Heap after GC invocations=6 (full 0):
 garbage-first heap   total 131072K, used 16739K [0x0000000080000000, 0x0000000100000000)
  region size 1024K, 3 young (3072K), 3 survivors (3072K)
 Metaspace       used 20539K, capacity 21096K, committed 21248K, reserved 1067008K
  class space    used 2501K, capacity 2690K, committed 2816K, reserved 1048576K
}
Event: 10.309 GC heap before
{Heap before GC invocations=7 (full 0):
 garbage-first heap   total 131072K, used 62819K [0x0000000080000000, 0x0000000100000000)
  region size 1024K, 48 young (49152K), 3 survivors (3072K)
 Metaspace       used 25291K, capacity 25907K, committed 26112K, reserved 1071104K
  class space    used 3280K, capacity 3489K, committed 3584K, reserved 1048576K
}
Event: 10.326 GC heap after
{Heap after GC invocations=8 (full 0):
 garbage-first heap   total 157696K, used 18423K [0x0000000080000000, 0x0000000100000000)
  region size 1024K, 5 young (5120K), 5 survivors (5120K)
 Metaspace       used 25291K, capacity 25907K, committed 26112K, reserved 1071104K
  class space    used 3280K, capacity 3489K, committed 3584K, reserved 1048576K
}
Event: 13.029 GC heap before
{Heap before GC invocations=8 (full 0):
 garbage-first heap   total 157696K, used 75767K [0x0000000080000000, 0x0000000100000000)
  region size 1024K, 61 young (62464K), 5 survivors (5120K)
 Metaspace       used 31836K, capacity 32626K, committed 32640K, reserved 1077248K
  class space    used 4193K, capacity 4475K, committed 4480K, reserved 1048576K
}
Event: 13.044 GC heap after
{Heap after GC invocations=9 (full 0):
 garbage-first heap   total 157696K, used 20896K [0x0000000080000000, 0x0000000100000000)
  region size 1024K, 5 young (5120K), 5 survivors (5120K)
 Metaspace       used 31836K, capacity 32626K, committed 32640K, reserved 1077248K
  class space    used 4193K, capacity 4475K, committed 4480K, reserved 1048576K
}
Event: 13.635 GC heap before
{Heap before GC invocations=9 (full 0):
 garbage-first heap   total 157696K, used 29088K [0x0000000080000000, 0x0000000100000000)
  region size 1024K, 14 young (14336K), 5 survivors (5120K)
 Metaspace       used 35017K, capacity 35798K, committed 35840K, reserved 1081344K
  class space    used 4530K, capacity 4832K, committed 4864K, reserved 1048576K
}
Event: 13.654 GC heap after
{Heap after GC invocations=10 (full 0):
 garbage-first heap   total 157696K, used 23164K [0x0000000080000000, 0x0000000100000000)
  region size 1024K, 7 young (7168K), 7 survivors (7168K)
 Metaspace       used 35017K, capacity 35798K, committed 35840K, reserved 1081344K
  class space    used 4530K, capacity 4832K, committed 4864K, reserved 1048576K
}
Event: 17.101 GC heap before
{Heap before GC invocations=11 (full 0):
 garbage-first heap   total 157696K, used 89724K [0x0000000080000000, 0x0000000100000000)
  region size 1024K, 70 young (71680K), 7 survivors (7168K)
 Metaspace       used 39726K, capacity 40591K, committed 40832K, reserved 1085440K
  class space    used 5061K, capacity 5422K, committed 5504K, reserved 1048576K
}
Event: 17.128 GC heap after
{Heap after GC invocations=12 (full 0):
 garbage-first heap   total 157696K, used 27334K [0x0000000080000000, 0x0000000100000000)
  region size 1024K, 9 young (9216K), 9 survivors (9216K)
 Metaspace       used 39726K, capacity 40591K, committed 40832K, reserved 1085440K
  class space    used 5061K, capacity 5422K, committed 5504K, reserved 1048576K
}
Event: 20.936 GC heap before
{Heap before GC invocations=12 (full 0):
 garbage-first heap   total 157696K, used 96966K [0x0000000080000000, 0x0000000100000000)
  region size 1024K, 76 young (77824K), 9 survivors (9216K)
 Metaspace       used 45844K, capacity 47011K, committed 47360K, reserved 1089536K
  class space    used 5873K, capacity 6300K, committed 6400K, reserved 1048576K
}
Event: 20.961 GC heap after
{Heap after GC invocations=13 (full 0):
 garbage-first heap   total 157696K, used 28968K [0x0000000080000000, 0x0000000100000000)
  region size 1024K, 7 young (7168K), 7 survivors (7168K)
 Metaspace       used 45844K, capacity 47011K, committed 47360K, reserved 1089536K
  class space    used 5873K, capacity 6300K, committed 6400K, reserved 1048576K
}
Event: 25.289 GC heap before
{Heap before GC invocations=13 (full 0):
 garbage-first heap   total 157696K, used 110888K [0x0000000080000000, 0x0000000100000000)
  region size 1024K, 84 young (86016K), 7 survivors (7168K)
 Metaspace       used 52197K, capacity 53522K, committed 53760K, reserved 1095680K
  class space    used 6629K, capacity 7129K, committed 7168K, reserved 1048576K
}

Deoptimization events (20 events):
Event: 24.237 Thread 0x0000021217d4f000 Uncommon trap: trap_request=0xffffff45 fr.pc=0x0000021207c8d900 relative=0x0000000000000cc0
Event: 24.237 Thread 0x0000021217d4f000 Uncommon trap: reason=unstable_fused_if action=reinterpret pc=0x0000021207c8d900 method=org.objectweb.asm.ByteVector.putUTF8(Ljava/lang/String;)Lorg/objectweb/asm/ByteVector; @ 93 c2
Event: 24.237 Thread 0x0000021217d4f000 DEOPT PACKING pc=0x0000021207c8d900 sp=0x0000006242cf83b0
Event: 24.237 Thread 0x0000021217d4f000 DEOPT UNPACKING pc=0x000002120002782f sp=0x0000006242cf8308 mode 2
Event: 24.240 Thread 0x0000021217d4f000 Uncommon trap: trap_request=0xffffff4d fr.pc=0x0000021207cae99c relative=0x000000000000595c
Event: 24.240 Thread 0x0000021217d4f000 Uncommon trap: reason=unstable_if action=reinterpret pc=0x0000021207cae99c method=org.objectweb.asm.Frame.execute(IILorg/objectweb/asm/Symbol;Lorg/objectweb/asm/SymbolTable;)V @ 1 c2
Event: 24.240 Thread 0x0000021217d4f000 DEOPT PACKING pc=0x0000021207cae99c sp=0x0000006242cf85a0
Event: 24.240 Thread 0x0000021217d4f000 DEOPT UNPACKING pc=0x000002120002782f sp=0x0000006242cf8548 mode 2
Event: 24.316 Thread 0x0000021217d4f000 Uncommon trap: trap_request=0xffffff45 fr.pc=0x0000021207be2c74 relative=0x0000000000000214
Event: 24.316 Thread 0x0000021217d4f000 Uncommon trap: reason=unstable_fused_if action=reinterpret pc=0x0000021207be2c74 method=org.objectweb.asm.ByteVector.putUTF8(Ljava/lang/String;)Lorg/objectweb/asm/ByteVector; @ 93 c2
Event: 24.316 Thread 0x0000021217d4f000 DEOPT PACKING pc=0x0000021207be2c74 sp=0x0000006242cf86e0
Event: 24.316 Thread 0x0000021217d4f000 DEOPT UNPACKING pc=0x000002120002782f sp=0x0000006242cf8660 mode 2
Event: 24.338 Thread 0x0000021217d4f000 Uncommon trap: trap_request=0xffffffde fr.pc=0x0000021207d59e38 relative=0x00000000000003d8
Event: 24.338 Thread 0x0000021217d4f000 Uncommon trap: reason=class_check action=maybe_recompile pc=0x0000021207d59e38 method=com.google.common.collect.RegularImmutableMap.get([I[Ljava/lang/Object;IILjava/lang/Object;)Ljava/lang/Object; @ 17 c2
Event: 24.338 Thread 0x0000021217d4f000 DEOPT PACKING pc=0x0000021207d59e38 sp=0x0000006242cf8230
Event: 24.338 Thread 0x0000021217d4f000 DEOPT UNPACKING pc=0x000002120002782f sp=0x0000006242cf81d0 mode 2
Event: 24.339 Thread 0x0000021217d4f000 Uncommon trap: trap_request=0xffffff4d fr.pc=0x0000021207d59f4c relative=0x00000000000004ec
Event: 24.339 Thread 0x0000021217d4f000 Uncommon trap: reason=unstable_if action=reinterpret pc=0x0000021207d59f4c method=com.google.common.collect.RegularImmutableMap.get([I[Ljava/lang/Object;IILjava/lang/Object;)Ljava/lang/Object; @ 34 c2
Event: 24.339 Thread 0x0000021217d4f000 DEOPT PACKING pc=0x0000021207d59f4c sp=0x0000006242cf8280
Event: 24.339 Thread 0x0000021217d4f000 DEOPT UNPACKING pc=0x000002120002782f sp=0x0000006242cf8228 mode 2

Classes redefined (0 events):
No events

Internal exceptions (20 events):
Event: 23.495 Thread 0x0000021215af3000 Exception <a 'java/lang/NoSuchMethodError'{0x00000000899892a8}: <clinit>> (0x00000000899892a8) thrown at [./src/hotspot/share/prims/jni.cpp, line 1362]
Event: 23.505 Thread 0x0000021215af3000 Exception <a 'java/lang/NoSuchMethodError'{0x0000000086e16940}: <clinit>> (0x0000000086e16940) thrown at [./src/hotspot/share/prims/jni.cpp, line 1362]
Event: 23.506 Thread 0x0000021215af3000 Exception <a 'java/lang/NoSuchMethodError'{0x0000000086e17a50}: <clinit>> (0x0000000086e17a50) thrown at [./src/hotspot/share/prims/jni.cpp, line 1362]
Event: 23.506 Thread 0x0000021215af3000 Exception <a 'java/lang/NoSuchMethodError'{0x0000000086e18d58}: <clinit>> (0x0000000086e18d58) thrown at [./src/hotspot/share/prims/jni.cpp, line 1362]
Event: 23.506 Thread 0x0000021215af3000 Exception <a 'java/lang/NoSuchMethodError'{0x0000000086e19d78}: <clinit>> (0x0000000086e19d78) thrown at [./src/hotspot/share/prims/jni.cpp, line 1362]
Event: 23.508 Thread 0x0000021215af3000 Exception <a 'java/lang/NoSuchMethodError'{0x0000000086e23920}: <clinit>> (0x0000000086e23920) thrown at [./src/hotspot/share/prims/jni.cpp, line 1362]
Event: 23.509 Thread 0x0000021215af3000 Exception <a 'java/lang/NoSuchMethodError'{0x0000000086e2dd80}: <clinit>> (0x0000000086e2dd80) thrown at [./src/hotspot/share/prims/jni.cpp, line 1362]
Event: 23.519 Thread 0x0000021215af3000 Exception <a 'java/lang/NoSuchMethodError'{0x0000000086e41970}: <clinit>> (0x0000000086e41970) thrown at [./src/hotspot/share/prims/jni.cpp, line 1362]
Event: 23.569 Thread 0x0000021217d4f000 Exception <a 'java/lang/ClassNotFoundException'{0x0000000086ed1278}: build_37nw28qmro3pocj898cd81pylBeanInfo> (0x0000000086ed1278) thrown at [./src/hotspot/share/classfile/systemDictionary.cpp, line 231]
Event: 23.570 Thread 0x0000021217d4f000 Exception <a 'java/lang/ClassNotFoundException'{0x0000000086edc1a0}: build_37nw28qmro3pocj898cd81pylCustomizer> (0x0000000086edc1a0) thrown at [./src/hotspot/share/classfile/systemDictionary.cpp, line 231]
Event: 23.591 Thread 0x0000021217d4f000 Exception <a 'java/lang/ClassNotFoundException'{0x0000000086d5ca90}: org/gradle/plugin/use/internal/PluginRequestCollector$PluginDependenciesSpecImplBeanInfo> (0x0000000086d5ca90) thrown at [./src/hotspot/share/classfile/systemDictionary.cpp, line 231]
Event: 23.593 Thread 0x0000021217d4f000 Exception <a 'java/lang/ClassNotFoundException'{0x0000000086d8aba8}: org/gradle/plugin/use/internal/PluginRequestCollector$PluginDependenciesSpecImplCustomizer> (0x0000000086d8aba8) thrown at [./src/hotspot/share/classfile/systemDictionary.cpp, line 231]
Event: 23.740 Thread 0x0000021217d4f000 Exception <a 'java/lang/ClassNotFoundException'{0x0000000086a07d20}: org/gradle/api/internal/plugins/DefaultObjectConfigurationActionBeanInfo> (0x0000000086a07d20) thrown at [./src/hotspot/share/classfile/systemDictionary.cpp, line 231]
Event: 23.742 Thread 0x0000021217d4f000 Exception <a 'java/lang/ClassNotFoundException'{0x0000000086a3b0c0}: org/gradle/api/internal/plugins/DefaultObjectConfigurationActionCustomizer> (0x0000000086a3b0c0) thrown at [./src/hotspot/share/classfile/systemDictionary.cpp, line 231]
Event: 24.203 Thread 0x0000021217d4f000 Exception <a 'java/lang/NoSuchMethodError'{0x000000008600bcc8}: 'java.lang.Object java.lang.invoke.DirectMethodHandle$Holder.invokeStatic(java.lang.Object, java.lang.Object, java.lang.Object, java.lang.Object, int)'> (0x000000008600bcc8) thrown at [./src/hotspot/share/interpreter/linkResolver.cpp, line 773]
Event: 24.204 Thread 0x0000021217d4f000 Exception <a 'java/lang/NoSuchMethodError'{0x00000000860106c0}: 'java.lang.Object java.lang.invoke.DirectMethodHandle$Holder.invokeSpecial(java.lang.Object, java.lang.Object, java.lang.Object, java.lang.Object, java.lang.Object, int)'> (0x00000000860106c0) thrown at [./src/hotspot/share/interpreter/linkResolver.cpp, line 773]
Event: 24.206 Thread 0x0000021217d4f000 Exception <a 'java/lang/NoSuchMethodError'{0x0000000086014d00}: 'java.lang.Object java.lang.invoke.Invokers$Holder.linkToTargetMethod(java.lang.Object, java.lang.Object, java.lang.Object, int, java.lang.Object)'> (0x0000000086014d00) thrown at [./src/hotspot/share/interpreter/linkResolver.cpp, line 773]
Event: 24.339 Thread 0x0000021217d4f000 Implicit null exception at 0x0000021207d59a92 to 0x0000021207d59f2c
Event: 24.918 Thread 0x0000021217d4f000 Exception <a 'java/lang/NoSuchMethodError'{0x0000000084f9fb08}: 'java.lang.Object java.lang.invoke.DirectMethodHandle$Holder.invokeSpecial(java.lang.Object, java.lang.Object, int, int, java.lang.Object, java.lang.Object, java.lang.Object)'> (0x0000000084f9fb08) thrown at [./src/hotspot/share/interpreter/linkResolver.cpp, line 773]
Event: 24.919 Thread 0x0000021217d4f000 Exception <a 'java/lang/NoSuchMethodError'{0x0000000084fa4088}: 'java.lang.Object java.lang.invoke.DelegatingMethodHandle$Holder.reinvoke_L(java.lang.Object, int, int, java.lang.Object, java.lang.Object, java.lang.Object)'> (0x0000000084fa4088) thrown at [./src/hotspot/share/interpreter/linkResolver.cpp, line 773]

Events (20 events):
Event: 25.238 loading class org/apache/xerces/impl/XMLDocumentScannerImpl$DTDDispatcher done
Event: 25.240 loading class org/apache/xerces/impl/XMLDocumentScannerImpl$TrailingMiscDispatcher
Event: 25.240 loading class org/apache/xerces/impl/XMLDocumentScannerImpl$TrailingMiscDispatcher done
Event: 25.243 loading class org/apache/xerces/impl/dtd/XMLDTDDescription
Event: 25.243 loading class org/apache/xerces/impl/dtd/XMLDTDDescription done
Event: 25.245 loading class org/apache/xerces/impl/XMLDTDScannerImpl
Event: 25.245 loading class org/apache/xerces/impl/XMLDTDScannerImpl done
Event: 25.254 loading class org/apache/xerces/impl/dtd/XMLDTDProcessor
Event: 25.254 loading class org/apache/xerces/impl/dtd/XMLDTDProcessor done
Event: 25.256 loading class org/apache/xerces/xni/parser/XMLDTDFilter
Event: 25.256 loading class org/apache/xerces/xni/parser/XMLDTDFilter done
Event: 25.257 loading class org/apache/xerces/xni/parser/XMLDTDContentModelFilter
Event: 25.257 loading class org/apache/xerces/xni/parser/XMLDTDContentModelFilter done
Event: 25.284 loading class org/apache/xerces/impl/dtd/XMLEntityDecl
Event: 25.284 loading class org/apache/xerces/impl/dtd/XMLEntityDecl done
Event: 25.287 loading class org/apache/xerces/impl/validation/EntityState
Event: 25.287 loading class org/apache/xerces/impl/validation/EntityState done
Event: 25.289 loading class org/apache/xerces/impl/dtd/DTDGrammar
Event: 25.289 loading class org/apache/xerces/impl/dtd/DTDGrammar done
Event: 25.289 Executing VM operation: G1CollectForAllocation


Dynamic libraries:
0x00007ff7004f0000 - 0x00007ff7004fa000 	C:\Program Files\Android\Android Studio\jre\bin\java.exe
0x00007ffa51370000 - 0x00007ffa51565000 	C:\Windows\SYSTEM32\ntdll.dll
0x00007ffa50a50000 - 0x00007ffa50b0d000 	C:\Windows\System32\KERNEL32.DLL
0x00007ffa4ef70000 - 0x00007ffa4f238000 	C:\Windows\System32\KERNELBASE.dll
0x00007ffa4ed10000 - 0x00007ffa4ee10000 	C:\Windows\System32\ucrtbase.dll
0x00007ffa437c0000 - 0x00007ffa437d9000 	C:\Program Files\Android\Android Studio\jre\bin\jli.dll
0x00007ffa38040000 - 0x00007ffa38057000 	C:\Program Files\Android\Android Studio\jre\bin\VCRUNTIME140.dll
0x00007ffa4f3d0000 - 0x00007ffa4f570000 	C:\Windows\System32\USER32.dll
0x00007ffa4f3a0000 - 0x00007ffa4f3c2000 	C:\Windows\System32\win32u.dll
0x00007ffa4ff80000 - 0x00007ffa4ffaa000 	C:\Windows\System32\GDI32.dll
0x00007ffa4eb60000 - 0x00007ffa4ec6b000 	C:\Windows\System32\gdi32full.dll
0x00007ffa4ec70000 - 0x00007ffa4ed0d000 	C:\Windows\System32\msvcp_win.dll
0x00007ffa40ad0000 - 0x00007ffa40d6a000 	C:\Windows\WinSxS\amd64_microsoft.windows.common-controls_6595b64144ccf1df_6.0.19041.844_none_ca00b6081b84eb1d\COMCTL32.dll
0x00007ffa50d00000 - 0x00007ffa50d9e000 	C:\Windows\System32\msvcrt.dll
0x00007ffa4fa50000 - 0x00007ffa4fa80000 	C:\Windows\System32\IMM32.DLL
0x00007ffa1c8b0000 - 0x00007ffa1c94d000 	C:\Program Files\Android\Android Studio\jre\bin\msvcp140.dll
0x00007ffa18990000 - 0x00007ffa1945f000 	C:\Program Files\Android\Android Studio\jre\bin\server\jvm.dll
0x00007ffa4fdb0000 - 0x00007ffa4fe5c000 	C:\Windows\System32\ADVAPI32.dll
0x00007ffa50b10000 - 0x00007ffa50bab000 	C:\Windows\System32\sechost.dll
0x00007ffa4fb00000 - 0x00007ffa4fc2b000 	C:\Windows\System32\RPCRT4.dll
0x00007ffa4f5d0000 - 0x00007ffa4f5d8000 	C:\Windows\System32\PSAPI.DLL
0x00007ffa41490000 - 0x00007ffa41499000 	C:\Windows\SYSTEM32\WSOCK32.dll
0x00007ffa512a0000 - 0x00007ffa5130b000 	C:\Windows\System32\WS2_32.dll
0x00007ffa41f30000 - 0x00007ffa41f57000 	C:\Windows\SYSTEM32\WINMM.dll
0x00007ffa3d7f0000 - 0x00007ffa3d7fa000 	C:\Windows\SYSTEM32\VERSION.dll
0x00007ffa4c9f0000 - 0x00007ffa4ca02000 	C:\Windows\SYSTEM32\kernel.appcore.dll
0x00007ffa37d50000 - 0x00007ffa37d61000 	C:\Program Files\Android\Android Studio\jre\bin\verify.dll
0x00007ffa40620000 - 0x00007ffa40804000 	C:\Windows\SYSTEM32\DBGHELP.DLL
0x00007ffa447e0000 - 0x00007ffa4480c000 	C:\Windows\SYSTEM32\dbgcore.DLL
0x00007ffa4eab0000 - 0x00007ffa4eb30000 	C:\Windows\System32\bcryptPrimitives.dll
0x00007ffa2c400000 - 0x00007ffa2c429000 	C:\Program Files\Android\Android Studio\jre\bin\java.dll
0x00007ffa40310000 - 0x00007ffa4031b000 	C:\Program Files\Android\Android Studio\jre\bin\jimage.dll
0x00007ffa37c90000 - 0x00007ffa37ca8000 	C:\Program Files\Android\Android Studio\jre\bin\zip.dll
0x00007ffa501c0000 - 0x00007ffa50902000 	C:\Windows\System32\SHELL32.dll
0x00007ffa4cbf0000 - 0x00007ffa4d381000 	C:\Windows\SYSTEM32\windows.storage.dll
0x00007ffa50f30000 - 0x00007ffa51285000 	C:\Windows\System32\combase.dll
0x00007ffa4e4b0000 - 0x00007ffa4e4dc000 	C:\Windows\SYSTEM32\Wldp.dll
0x00007ffa50910000 - 0x00007ffa509be000 	C:\Windows\System32\SHCORE.dll
0x00007ffa50c90000 - 0x00007ffa50ce5000 	C:\Windows\System32\shlwapi.dll
0x00007ffa4e9f0000 - 0x00007ffa4ea0f000 	C:\Windows\SYSTEM32\profapi.dll
0x00007ffa36240000 - 0x00007ffa3625a000 	C:\Program Files\Android\Android Studio\jre\bin\net.dll
0x00007ffa40de0000 - 0x00007ffa40eeb000 	C:\Windows\SYSTEM32\WINHTTP.dll
0x00007ffa4e220000 - 0x00007ffa4e28a000 	C:\Windows\system32\mswsock.dll
0x00007ffa339b0000 - 0x00007ffa339c4000 	C:\Program Files\Android\Android Studio\jre\bin\nio.dll
0x00007ffa486f0000 - 0x00007ffa48717000 	C:\Users\Fabian\.gradle\native\8bec1ad78214c89d9ad589b4d07fe93259594b29d510b10fafb7a158f7737e5d\windows-amd64\native-platform.dll
0x00007ffa3ae10000 - 0x00007ffa3af4d000 	C:\Users\Fabian\.gradle\native\53dbd7edfb1c66fb8903c78663c9afc45aea4f116125fa6feffd364cf09443e8\windows-amd64\native-platform-file-events.dll
0x00007ffa40000000 - 0x00007ffa4000a000 	C:\Program Files\Android\Android Studio\jre\bin\management.dll
0x00007ffa3f800000 - 0x00007ffa3f80c000 	C:\Program Files\Android\Android Studio\jre\bin\management_ext.dll
0x00007ffa4e3f0000 - 0x00007ffa4e408000 	C:\Windows\SYSTEM32\CRYPTSP.dll
0x00007ffa4dbc0000 - 0x00007ffa4dbf4000 	C:\Windows\system32\rsaenh.dll
0x00007ffa4eb30000 - 0x00007ffa4eb57000 	C:\Windows\System32\bcrypt.dll
0x00007ffa4e9b0000 - 0x00007ffa4e9de000 	C:\Windows\SYSTEM32\USERENV.dll
0x00007ffa4e410000 - 0x00007ffa4e41c000 	C:\Windows\SYSTEM32\CRYPTBASE.dll
0x00007ffa4df10000 - 0x00007ffa4df4b000 	C:\Windows\SYSTEM32\IPHLPAPI.DLL
0x00007ffa51290000 - 0x00007ffa51298000 	C:\Windows\System32\NSI.dll
0x00007ffa44810000 - 0x00007ffa44827000 	C:\Windows\SYSTEM32\dhcpcsvc6.DLL
0x00007ffa45dd0000 - 0x00007ffa45ded000 	C:\Windows\SYSTEM32\dhcpcsvc.DLL
0x00007ffa4df50000 - 0x00007ffa4e01c000 	C:\Windows\SYSTEM32\DNSAPI.dll

dbghelp: loaded successfully - version: 4.0.5 - missing functions: none
symbol engine: initialized successfully - sym options: 0x614 - pdb path: .;C:\Program Files\Android\Android Studio\jre\bin;C:\Windows\SYSTEM32;C:\Windows\WinSxS\amd64_microsoft.windows.common-controls_6595b64144ccf1df_6.0.19041.844_none_ca00b6081b84eb1d;C:\Program Files\Android\Android Studio\jre\bin\server;C:\Users\Fabian\.gradle\native\8bec1ad78214c89d9ad589b4d07fe93259594b29d510b10fafb7a158f7737e5d\windows-amd64;C:\Users\Fabian\.gradle\native\53dbd7edfb1c66fb8903c78663c9afc45aea4f116125fa6feffd364cf09443e8\windows-amd64

VM Arguments:
jvm_args: --add-opens=java.base/java.util=ALL-UNNAMED --add-opens=java.base/java.lang=ALL-UNNAMED --add-opens=java.base/java.lang.invoke=ALL-UNNAMED --add-opens=java.base/java.util=ALL-UNNAMED --add-opens=java.prefs/java.util.prefs=ALL-UNNAMED --add-opens=java.prefs/java.util.prefs=ALL-UNNAMED --add-opens=java.base/java.nio.charset=ALL-UNNAMED --add-opens=java.base/java.net=ALL-UNNAMED --add-opens=java.base/java.util.concurrent.atomic=ALL-UNNAMED -Xmx2048m -Dfile.encoding=UTF-8 -Duser.country=CO -Duser.language=es -Duser.variant 
java_command: org.gradle.launcher.daemon.bootstrap.GradleDaemon 7.0.2
java_class_path (initial): C:\Users\Fabian\.gradle\wrapper\dists\gradle-7.0.2-bin\857tjihv64xamwrf0h14cai3r\gradle-7.0.2\lib\gradle-launcher-7.0.2.jar
Launcher Type: SUN_STANDARD

[Global flags]
     intx CICompilerCount                          = 3                                         {product} {ergonomic}
     uint ConcGCThreads                            = 1                                         {product} {ergonomic}
     uint G1ConcRefinementThreads                  = 4                                         {product} {ergonomic}
   size_t G1HeapRegionSize                         = 1048576                                   {product} {ergonomic}
    uintx GCDrainStackTargetSize                   = 64                                        {product} {ergonomic}
   size_t InitialHeapSize                          = 134217728                                 {product} {ergonomic}
   size_t MarkStackSize                            = 4194304                                   {product} {ergonomic}
   size_t MaxHeapSize                              = 2147483648                                {product} {command line}
   size_t MaxNewSize                               = 1287651328                                {product} {ergonomic}
   size_t MinHeapDeltaBytes                        = 1048576                                   {product} {ergonomic}
    uintx NonNMethodCodeHeapSize                   = 5830732                                {pd product} {ergonomic}
    uintx NonProfiledCodeHeapSize                  = 122913754                              {pd product} {ergonomic}
    uintx ProfiledCodeHeapSize                     = 122913754                              {pd product} {ergonomic}
    uintx ReservedCodeCacheSize                    = 251658240                              {pd product} {ergonomic}
     bool SegmentedCodeCache                       = true                                      {product} {ergonomic}
     bool UseCompressedClassPointers               = true                                 {lp64_product} {ergonomic}
     bool UseCompressedOops                        = true                                 {lp64_product} {ergonomic}
     bool UseG1GC                                  = true                                      {product} {ergonomic}
     bool UseLargePagesIndividualAllocation        = false                                  {pd product} {ergonomic}

Logging:
Log output configuration:
 #0: stdout all=warning uptime,level,tags
 #1: stderr all=off uptime,level,tags

Environment Variables:
PATH=C:\Windows\system32;C:\Windows;C:\Windows\System32\Wbem;C:\Windows\System32\WindowsPowerShell\v1.0\;C:\Windows\System32\OpenSSH\;C:\Program Files\dotnet\;C:\Program Files\Git\cmd;C:\Users\Fabian\AppData\Local\Microsoft\WindowsApps;;C:\Users\Fabian\AppData\Local\Programs\Microsoft VS Code\bin;C:\Users\Fabian\.dotnet\tools
USERNAME=Fabian
OS=Windows_NT
PROCESSOR_IDENTIFIER=Intel64 Family 6 Model 58 Stepping 9, GenuineIntel



---------------  S Y S T E M  ---------------

OS: Windows 10 , 64 bit Build 19041 (10.0.19041.928)
OS uptime: 5 days 0:38 hours

CPU:total 4 (initial active 4) (2 cores per cpu, 2 threads per core) family 6 model 58 stepping 9 microcode 0x21, cmov, cx8, fxsr, mmx, sse, sse2, sse3, ssse3, sse4.1, sse4.2, popcnt, avx, clmul, erms, ht, tsc, tscinvbit, tscinv

Memory: 4k page, system-wide physical 8073M (897M free)
TotalPageFile size 9097M (AvailPageFile size 30M)
current process WorkingSet (physical memory assigned to process): 296M, peak: 296M
current process commit charge ("private bytes"): 355M, peak: 386M

vm_info: OpenJDK 64-Bit Server VM (11.0.10+0-b96-7249189) for windows-amd64 JRE (11.0.10+0-b96-7249189), built on Mar 31 2021 21:44:00 by "builder" with MS VC++ 14.0 (VS2015)

END.
